Arguments: 
  D:\Apps\nodejs\node.exe D:\cygwin64\home\Anand\.yarn\bin\yarn.js add rollup

PATH: 
  D:\cygwin64\home\Anand\.yarn\bin;D:\cygwin64\home\Anand\.config\yarn\global\node_modules\.bin;C:\Program Files (x86)\Common Files\Oracle\Java\javapath;C:\Program Files (x86)\Intel\iCLS Client;C:\Program Files\Microsoft MPI\Bin;C:\anaconda\3.6;C:\anaconda\3.6\Scripts;D:\cygwin64\bin;C:\Program Files\Intel\iCLS Client;C:\Windows\system32;C:\Windows;C:\Windows\System32\Wbem;C:\Windows\System32\WindowsPowerShell\v1.0;C:\Program Files (x86)\NVIDIA Corporation\PhysX\Common;D:\Apps\nodejs;D:\Apps\jdk\bin;D:\Apps\utils;D:\Apps\selenium;D:\Apps\phantomjs\bin;C:\WINDOWS\system32;C:\WINDOWS;C:\WINDOWS\System32\Wbem;C:\WINDOWS\System32\WindowsPowerShell\v1.0;C:\Program Files (x86)\WiX Toolset v3.11\bin;C:\Program Files (x86)\PDFtk\bin;C:\Program Files\OpenVPN\bin;C:\ProgramData\chocolatey\bin;C:\Program Files (x86)\Intel\Intel(R) Management Engine Components\DAL;C:\Program Files\Intel\Intel(R) Management Engine Components\DAL;C:\Program Files (x86)\Intel\Intel(R) Management Engine Components\IPT;C:\Program Files\Intel\Intel(R) Management Engine Components\IPT;C:\WINDOWS\System32\OpenSSH;C:\Program Files (x86)\Windows Kits\8.1\Windows Performance Toolkit;C:\Program Files\Mozilla FIrefox;C:\Program Files\NVIDIA Corporation\NVIDIA NvDLISR;C:\Users\Anand S\AppData\Local\Microsoft\WindowsApps;C:\Program Files\Intel\WiFi\bin;C:\Program Files\Common Files\Intel\WirelessCommon;C:\Users\Anand S\AppData\Roaming\npm;C:\Users\Anand S\AppData\Local\GitHubDesktop\bin;C:\Users\Anand S\AppData\Local\Microsoft\WindowsApps;C:\Program Files\Microsoft VS Code\bin;C:\Program Files\NVIDIA GPU Computing Toolkit\CUDA\v9.0\bin;D:\Apps\cuda\bin;D:\Apps\VLC;D:\Apps\ffmpeg-3.4.2-win64-static\bin;C:\Users\Anand S\AppData\Local\Programs\Microsoft VS Code\bin;C:\Users\Anand S\AppData\Local\Programs\Microsoft VS Code\bin

Yarn version: 
  1.13.0

Node version: 
  10.8.0

Platform: 
  win32 x64

Trace: 
  Error: getaddrinfo ENOTFOUND registry.yarnpkg.com registry.yarnpkg.com:443
      at GetAddrInfoReqWrap.onlookup [as oncomplete] (dns.js:56:26)

npm manifest: 
  {
    "scripts": {
      "test": "npm run test"
    }
  }

yarn manifest: 
  No manifest

Lockfile: 
  No lockfile
