2020-05-21 03:18:14,276 - DeepNLPF.base - INFO - --------------------- Start ---------------------
2020-05-21 03:18:14,276 - DeepNLPF.base - INFO - Input data type: raw_text
2020-05-21 03:18:14,276 - DeepNLPF.base - ERROR - Expecting value: line 1 column 1 (char 0)
2020-05-21 03:20:26,210 - DeepNLPF.base - INFO - --------------------- Start ---------------------
2020-05-21 03:20:26,210 - DeepNLPF.base - INFO - Input data type: raw_text
2020-05-21 03:20:26,210 - DeepNLPF.base - INFO - Input pipeline type format: url
2020-05-21 03:20:28,056 - DeepNLPF.base - INFO - Custom Pipeline: {'lang': 'en', 'tools': {'stanza': {'processors': ['tokenize', 'mwt', 'pos', 'lemma', 'ner', 'depparse']}}}
2020-05-21 03:20:28,056 - DeepNLPF.base - INFO - Use DB: None
2020-05-21 03:20:28,057 - DeepNLPF.base - INFO - Output: file
2020-05-21 03:20:28,057 - DeepNLPF.base - INFO - Format: json
2020-05-21 03:20:28,057 - DeepNLPF.base - INFO - Tool NLP base: stanza
2020-05-21 03:20:28,057 - DeepNLPF.base - INFO - Pool: 666f6f2d6261722d71757578
2020-05-21 03:20:28,057 - DeepNLPF.base - INFO - Boost: ray
2020-05-21 03:20:28,525 - DeepNLPF.base - INFO - Pre-processing - Execute Sentence Split in texto raw.
2020-05-21 03:20:30,474 - DeepNLPF.base - INFO - Number of documents to process: 1
2020-05-21 03:20:30,753 - DeepNLPF.base - INFO - Plugin Tool: stanza
2020-05-21 03:20:35,036 - DeepNLPF.base - INFO - Output file in: /home/fasr/deepnlpf_data/output/dataset_5ec61daebef48c8e33d9e130/document_5ec61dae3e126c0107a70a67/stanza.json
2020-05-21 03:20:35,038 - DeepNLPF.base - INFO - --------------------- End ---------------------
2020-05-21 03:52:32,437 - DeepNLPF.base - INFO - --------------------- Start ---------------------
2020-05-21 03:52:32,437 - DeepNLPF.base - INFO - Input data type: raw_text
2020-05-21 03:52:32,437 - DeepNLPF.base - INFO - Input pipeline type format: url
2020-05-21 03:52:34,421 - DeepNLPF.base - ERROR - too many values to unpack (expected 2)
2020-05-21 03:54:48,653 - DeepNLPF.base - INFO - --------------------- Start ---------------------
2020-05-21 03:54:48,653 - DeepNLPF.base - INFO - Input data type: raw_text
2020-05-21 03:54:48,653 - DeepNLPF.base - INFO - Input pipeline type format: url
2020-05-21 03:54:50,316 - DeepNLPF.base - INFO - Custom Pipeline: {'lang': 'en', 'tools': {'stanza': {'processors': ['tokenize', 'mwt', 'pos', 'lemma', 'ner', 'depparse']}}}
2020-05-21 03:54:50,317 - DeepNLPF.base - INFO - Use DB: None
2020-05-21 03:54:50,317 - DeepNLPF.base - INFO - Output: file
2020-05-21 03:54:50,317 - DeepNLPF.base - INFO - Format: json
2020-05-21 03:54:50,317 - DeepNLPF.base - INFO - Tool NLP base: stanza
2020-05-21 03:54:50,317 - DeepNLPF.base - INFO - Pool: 666f6f2d6261722d71757578
2020-05-21 03:54:50,317 - DeepNLPF.base - INFO - Boost: ray
2020-05-21 03:54:50,780 - DeepNLPF.base - INFO - Pre-processing - Execute Sentence Split in texto raw.
2020-05-21 03:54:52,668 - DeepNLPF.base - INFO - Number of documents to process: 1
2020-05-21 03:54:52,967 - DeepNLPF.base - INFO - Plugin Tool: stanza
2020-05-21 03:54:57,368 - DeepNLPF.base - INFO - Output file in: /home/fasr/deepnlpf_data/output/dataset_5ec625bcf9efd281c063ef81/document_5ec625bc2899041ccf64b9ee/stanza.json
2020-05-21 03:54:57,370 - DeepNLPF.base - INFO - --------------------- End ---------------------
