2020-05-19 23:11:31,234 - DeepNLPF.base - INFO - --------------------- Start ---------------------
2020-05-19 23:11:31,265 - DeepNLPF.base - INFO - Input data type: raw_text
2020-05-19 23:11:31,266 - DeepNLPF.base - INFO - Input pipeline type format: json
2020-05-19 23:11:31,267 - DeepNLPF.base - INFO - Custom Pipeline: {'lang': 'en', 'tools': {'stanza': {'processors': ['tokenize', 'mwt', 'pos', 'lemma', 'ner', 'depparse']}}}
2020-05-19 23:11:31,267 - DeepNLPF.base - INFO - Use DB: mongodb
2020-05-19 23:11:31,267 - DeepNLPF.base - INFO - Output: terminal
2020-05-19 23:11:31,267 - DeepNLPF.base - INFO - Format: json
2020-05-19 23:11:31,267 - DeepNLPF.base - INFO - Tool NLP base: stanza
2020-05-19 23:11:31,267 - DeepNLPF.base - INFO - Pool: 666f6f2d6261722d71757578
2020-05-19 23:11:31,267 - DeepNLPF.base - INFO - Boost: ray
2020-05-19 23:11:31,748 - DeepNLPF.base - INFO - Pre-processing - Execute Sentence Split in texto raw.
2020-05-19 23:11:33,606 - DeepNLPF.base - INFO - Plugin call: mongodb
2020-05-19 23:11:33,611 - DeepNLPF.base - INFO - Plugin call: mongodb
2020-05-19 23:11:33,618 - DeepNLPF.base - INFO - Plugin call: mongodb
2020-05-19 23:11:33,624 - DeepNLPF.base - INFO - Number of documents to process: 1
2020-05-19 23:11:33,741 - DeepNLPF.base - INFO - Plugin Tool: stanza
2020-05-19 23:11:38,107 - DeepNLPF.base - INFO - Plugin call: mongodb
2020-05-19 23:11:38,112 - DeepNLPF.base - INFO - --------------------- End ---------------------
2020-05-20 00:42:22,974 - DeepNLPF.base - ERROR - Error loading file!(535, b'5.7.8 Username and Password not accepted. Learn more at\n5.7.8  https://support.google.com/mail/?p=BadCredentials r18sm1420928qtn.1 - gsmtp')
2020-05-20 00:44:26,454 - DeepNLPF.base - ERROR - Error loading file!(535, b'5.7.8 Username and Password not accepted. Learn more at\n5.7.8  https://support.google.com/mail/?p=BadCredentials n5sm1260368qke.124 - gsmtp')
2020-05-20 01:28:34,789 - DeepNLPF.base - INFO - --------------------- Start ---------------------
2020-05-20 01:28:34,818 - DeepNLPF.base - INFO - Input data type: raw_text
2020-05-20 01:28:34,818 - DeepNLPF.base - INFO - Input pipeline type format: json
2020-05-20 01:28:34,819 - DeepNLPF.base - INFO - Custom Pipeline: {'lang': 'en', 'tools': {'stanza': {'processors': ['tokenize', 'mwt', 'pos', 'lemma', 'ner', 'depparse']}}}
2020-05-20 01:28:34,819 - DeepNLPF.base - INFO - Use DB: mongodb
2020-05-20 01:28:34,819 - DeepNLPF.base - INFO - Output: file
2020-05-20 01:28:34,819 - DeepNLPF.base - INFO - Format: json
2020-05-20 01:28:34,819 - DeepNLPF.base - INFO - Tool NLP base: stanza
2020-05-20 01:28:34,819 - DeepNLPF.base - INFO - Pool: 666f6f2d6261722d71757578
2020-05-20 01:28:34,819 - DeepNLPF.base - INFO - Boost: ray
2020-05-20 01:28:35,293 - DeepNLPF.base - INFO - Pre-processing - Execute Sentence Split in texto raw.
2020-05-20 01:28:36,905 - DeepNLPF.base - INFO - Plugin call: mongodb
2020-05-20 01:28:36,909 - DeepNLPF.base - INFO - Plugin call: mongodb
2020-05-20 01:28:36,913 - DeepNLPF.base - INFO - Plugin call: mongodb
2020-05-20 01:28:36,918 - DeepNLPF.base - INFO - Number of documents to process: 1
2020-05-20 01:28:37,051 - DeepNLPF.base - INFO - Plugin Tool: stanza
2020-05-20 01:28:41,878 - DeepNLPF.base - INFO - Plugin call: mongodb
2020-05-20 01:28:41,883 - DeepNLPF.base - INFO - Output file in: /home/fasr/deepnlpf_data/output/dataset_5ec4b1f42324cf98c9984d48/document_5ec4b1f4687a4c8c6c166836/stanza.json
2020-05-20 01:28:41,885 - DeepNLPF.base - INFO - --------------------- End ---------------------
2020-05-20 01:29:14,649 - DeepNLPF.base - INFO - --------------------- Start ---------------------
2020-05-20 01:29:14,679 - DeepNLPF.base - INFO - Input data type: raw_text
2020-05-20 01:29:14,680 - DeepNLPF.base - INFO - Input pipeline type format: json
2020-05-20 01:29:14,680 - DeepNLPF.base - INFO - Custom Pipeline: {'lang': 'en', 'tools': {'stanza': {'processors': ['tokenize', 'mwt', 'pos', 'lemma', 'ner', 'depparse']}}}
2020-05-20 01:29:14,680 - DeepNLPF.base - INFO - Use DB: mongodb
2020-05-20 01:29:14,680 - DeepNLPF.base - INFO - Output: file
2020-05-20 01:29:14,680 - DeepNLPF.base - INFO - Format: json
2020-05-20 01:29:14,680 - DeepNLPF.base - INFO - Tool NLP base: stanza
2020-05-20 01:29:14,680 - DeepNLPF.base - INFO - Pool: 666f6f2d6261722d71757578
2020-05-20 01:29:14,681 - DeepNLPF.base - INFO - Boost: ray
2020-05-20 01:29:15,239 - DeepNLPF.base - INFO - Pre-processing - Execute Sentence Split in texto raw.
2020-05-20 01:29:17,143 - DeepNLPF.base - INFO - Plugin call: mongodb
2020-05-20 01:29:17,148 - DeepNLPF.base - INFO - Plugin call: mongodb
2020-05-20 01:29:17,153 - DeepNLPF.base - INFO - Plugin call: mongodb
2020-05-20 01:29:17,158 - DeepNLPF.base - INFO - Number of documents to process: 1
2020-05-20 01:29:17,252 - DeepNLPF.base - INFO - Plugin Tool: stanza
2020-05-20 01:29:21,519 - DeepNLPF.base - INFO - Plugin call: mongodb
2020-05-20 01:29:21,523 - DeepNLPF.base - INFO - Output file in: /home/fasr/deepnlpf_data/output/dataset_5ec4b21df03d071e352384a3/document_5ec4b21d818170016905a007/stanza.json
2020-05-20 01:29:21,526 - DeepNLPF.base - INFO - --------------------- End ---------------------
2020-05-20 01:49:29,874 - DeepNLPF.base - INFO - --------------------- Start ---------------------
2020-05-20 01:49:29,906 - DeepNLPF.base - INFO - Input data type: raw_text
2020-05-20 01:49:29,906 - DeepNLPF.base - INFO - Input pipeline type format: json
2020-05-20 01:49:29,907 - DeepNLPF.base - INFO - Custom Pipeline: {'lang': 'en', 'tools': {'stanza': {'processors': ['tokenize', 'mwt', 'pos', 'lemma', 'ner', 'depparse']}}}
2020-05-20 01:49:29,907 - DeepNLPF.base - INFO - Use DB: mongodb
2020-05-20 01:49:29,907 - DeepNLPF.base - INFO - Output: file
2020-05-20 01:49:29,907 - DeepNLPF.base - INFO - Format: json
2020-05-20 01:49:29,907 - DeepNLPF.base - INFO - Tool NLP base: stanza
2020-05-20 01:49:29,907 - DeepNLPF.base - INFO - Pool: 666f6f2d6261722d71757578
2020-05-20 01:49:29,907 - DeepNLPF.base - INFO - Boost: ray
2020-05-20 01:49:30,352 - DeepNLPF.base - INFO - Pre-processing - Execute Sentence Split in texto raw.
2020-05-20 01:49:32,172 - DeepNLPF.base - INFO - Plugin call: mongodb
2020-05-20 01:49:32,176 - DeepNLPF.base - INFO - Plugin call: mongodb
2020-05-20 01:49:32,180 - DeepNLPF.base - INFO - Plugin call: mongodb
2020-05-20 01:49:32,183 - DeepNLPF.base - INFO - Number of documents to process: 1
2020-05-20 01:49:32,274 - DeepNLPF.base - INFO - Plugin Tool: stanza
2020-05-20 01:49:36,316 - DeepNLPF.base - INFO - Plugin call: mongodb
2020-05-20 01:49:36,320 - DeepNLPF.base - INFO - Output file in: /home/fasr/deepnlpf_data/output/dataset_5ec4b6dc3a38c39bee49b75e/document_5ec4b6dc14aa155af378be72/stanza.json
2020-05-20 01:49:36,322 - DeepNLPF.base - INFO - --------------------- End ---------------------
2020-05-20 01:53:38,120 - DeepNLPF.base - INFO - --------------------- Start ---------------------
2020-05-20 01:53:38,151 - DeepNLPF.base - INFO - Input data type: raw_text
2020-05-20 01:53:38,152 - DeepNLPF.base - INFO - Input pipeline type format: json
2020-05-20 01:53:38,152 - DeepNLPF.base - INFO - Custom Pipeline: {'lang': 'en', 'tools': {'stanza': {'processors': ['tokenize', 'mwt', 'pos', 'lemma', 'ner', 'depparse']}}}
2020-05-20 01:53:38,152 - DeepNLPF.base - INFO - Use DB: mongodb
2020-05-20 01:53:38,152 - DeepNLPF.base - INFO - Output: file
2020-05-20 01:53:38,152 - DeepNLPF.base - INFO - Format: json
2020-05-20 01:53:38,152 - DeepNLPF.base - INFO - Tool NLP base: stanza
2020-05-20 01:53:38,153 - DeepNLPF.base - INFO - Pool: 666f6f2d6261722d71757578
2020-05-20 01:53:38,153 - DeepNLPF.base - INFO - Boost: ray
2020-05-20 01:53:38,587 - DeepNLPF.base - INFO - Pre-processing - Execute Sentence Split in texto raw.
2020-05-20 01:53:40,271 - DeepNLPF.base - INFO - Plugin call: mongodb
2020-05-20 01:53:40,275 - DeepNLPF.base - INFO - Plugin call: mongodb
2020-05-20 01:53:40,279 - DeepNLPF.base - INFO - Plugin call: mongodb
2020-05-20 01:53:40,284 - DeepNLPF.base - INFO - Number of documents to process: 1
2020-05-20 01:53:40,393 - DeepNLPF.base - INFO - Plugin Tool: stanza
2020-05-20 01:53:44,615 - DeepNLPF.base - INFO - Plugin call: mongodb
2020-05-20 01:53:44,619 - DeepNLPF.base - INFO - Output file in: /home/fasr/deepnlpf_data/output/dataset_5ec4b7d429d23c8fa007c5c6/document_5ec4b7d48149b56d4d87997a/stanza.json
2020-05-20 01:53:44,621 - DeepNLPF.base - INFO - --------------------- End ---------------------
2020-05-20 01:57:17,320 - DeepNLPF.base - INFO - --------------------- Start ---------------------
2020-05-20 01:57:17,348 - DeepNLPF.base - INFO - Input data type: raw_text
2020-05-20 01:57:50,455 - DeepNLPF.base - INFO - --------------------- Start ---------------------
2020-05-20 01:57:50,488 - DeepNLPF.base - INFO - Input data type: raw_text
2020-05-20 01:57:50,489 - DeepNLPF.base - INFO - Input pipeline type format: json
2020-05-20 01:57:50,489 - DeepNLPF.base - INFO - Custom Pipeline: {'lang': 'en', 'tools': {'spacy': {'processors': ['pos', 'tag', 'shape', 'is_alpha', 'is_title', 'like_num', 'label', 'noun_chunks']}}}
2020-05-20 01:57:50,489 - DeepNLPF.base - INFO - Use DB: None
2020-05-20 01:57:50,489 - DeepNLPF.base - INFO - Output: file
2020-05-20 01:57:50,489 - DeepNLPF.base - INFO - Format: json
2020-05-20 01:57:50,489 - DeepNLPF.base - INFO - Tool NLP base: stanza
2020-05-20 01:57:50,489 - DeepNLPF.base - INFO - Pool: 666f6f2d6261722d71757578
2020-05-20 01:57:50,489 - DeepNLPF.base - INFO - Boost: ray
2020-05-20 01:57:51,481 - DeepNLPF.base - INFO - Pre-processing - Execute Sentence Split in texto raw.
2020-05-20 01:57:52,626 - DeepNLPF.base - INFO - Number of documents to process: 1
2020-05-20 01:57:52,718 - DeepNLPF.base - INFO - Plugin Tool: spacy
2020-05-20 02:00:04,299 - DeepNLPF.base - INFO - --------------------- Start ---------------------
2020-05-20 02:00:04,329 - DeepNLPF.base - INFO - Input data type: raw_text
2020-05-20 02:00:04,330 - DeepNLPF.base - INFO - Input pipeline type format: json
2020-05-20 02:00:04,330 - DeepNLPF.base - INFO - Custom Pipeline: {'lang': 'en', 'tools': {'spacy': {'processors': ['pos', 'tag', 'shape', 'is_alpha', 'is_title', 'like_num', 'label', 'noun_chunks']}}}
2020-05-20 02:00:04,330 - DeepNLPF.base - INFO - Use DB: None
2020-05-20 02:00:04,330 - DeepNLPF.base - INFO - Output: file
2020-05-20 02:00:04,330 - DeepNLPF.base - INFO - Format: json
2020-05-20 02:00:04,330 - DeepNLPF.base - INFO - Tool NLP base: stanza
2020-05-20 02:00:04,331 - DeepNLPF.base - INFO - Pool: 666f6f2d6261722d71757578
2020-05-20 02:00:04,331 - DeepNLPF.base - INFO - Boost: ray
2020-05-20 02:00:04,811 - DeepNLPF.base - INFO - Pre-processing - Execute Sentence Split in texto raw.
2020-05-20 02:00:06,395 - DeepNLPF.base - INFO - Number of documents to process: 1
2020-05-20 02:00:06,526 - DeepNLPF.base - INFO - Plugin Tool: spacy
2020-05-20 02:03:26,589 - DeepNLPF.base - INFO - --------------------- Start ---------------------
2020-05-20 02:03:26,619 - DeepNLPF.base - INFO - Input data type: raw_text
2020-05-20 02:03:26,619 - DeepNLPF.base - INFO - Input pipeline type format: json
2020-05-20 02:03:26,620 - DeepNLPF.base - INFO - Custom Pipeline: {'lang': 'en', 'tools': {'spacy': {'processors': ['pos', 'tag', 'shape', 'is_alpha', 'is_title', 'like_num', 'label', 'noun_chunks']}}}
2020-05-20 02:03:26,620 - DeepNLPF.base - INFO - Use DB: None
2020-05-20 02:03:26,620 - DeepNLPF.base - INFO - Output: file
2020-05-20 02:03:26,620 - DeepNLPF.base - INFO - Format: json
2020-05-20 02:03:26,620 - DeepNLPF.base - INFO - Tool NLP base: stanza
2020-05-20 02:03:26,620 - DeepNLPF.base - INFO - Pool: 666f6f2d6261722d71757578
2020-05-20 02:03:26,620 - DeepNLPF.base - INFO - Boost: ray
2020-05-20 02:03:27,083 - DeepNLPF.base - INFO - Pre-processing - Execute Sentence Split in texto raw.
2020-05-20 02:03:28,633 - DeepNLPF.base - INFO - Number of documents to process: 1
2020-05-20 02:03:28,759 - DeepNLPF.base - INFO - Plugin Tool: spacy
2020-05-20 02:03:51,644 - DeepNLPF.base - INFO - --------------------- Start ---------------------
2020-05-20 02:03:51,674 - DeepNLPF.base - INFO - Input data type: raw_text
2020-05-20 02:03:51,674 - DeepNLPF.base - INFO - Input pipeline type format: json
2020-05-20 02:03:51,674 - DeepNLPF.base - INFO - Custom Pipeline: {'lang': 'en', 'tools': {'spacy': {'processors': ['pos', 'tag', 'shape', 'is_alpha', 'is_title', 'like_num', 'label', 'noun_chunks']}}}
2020-05-20 02:03:51,674 - DeepNLPF.base - INFO - Use DB: None
2020-05-20 02:03:51,675 - DeepNLPF.base - INFO - Output: file
2020-05-20 02:03:51,675 - DeepNLPF.base - INFO - Format: json
2020-05-20 02:03:51,675 - DeepNLPF.base - INFO - Tool NLP base: stanza
2020-05-20 02:03:51,675 - DeepNLPF.base - INFO - Pool: 666f6f2d6261722d71757578
2020-05-20 02:03:51,675 - DeepNLPF.base - INFO - Boost: ray
2020-05-20 02:03:52,671 - DeepNLPF.base - INFO - Pre-processing - Execute Sentence Split in texto raw.
2020-05-20 02:03:53,892 - DeepNLPF.base - INFO - Number of documents to process: 1
2020-05-20 02:03:53,991 - DeepNLPF.base - INFO - Plugin Tool: spacy
2020-05-20 02:05:31,017 - DeepNLPF.base - INFO - --------------------- Start ---------------------
2020-05-20 02:05:31,046 - DeepNLPF.base - INFO - Input data type: raw_text
2020-05-20 02:05:31,047 - DeepNLPF.base - INFO - Input pipeline type format: json
2020-05-20 02:05:31,047 - DeepNLPF.base - INFO - Custom Pipeline: {'lang': 'en', 'tools': {'spacy': {'processors': ['pos', 'tag', 'shape', 'is_alpha', 'is_title', 'like_num', 'label', 'noun_chunks']}}}
2020-05-20 02:05:31,047 - DeepNLPF.base - INFO - Use DB: None
2020-05-20 02:05:31,047 - DeepNLPF.base - INFO - Output: file
2020-05-20 02:05:31,047 - DeepNLPF.base - INFO - Format: json
2020-05-20 02:05:31,047 - DeepNLPF.base - INFO - Tool NLP base: stanza
2020-05-20 02:05:31,047 - DeepNLPF.base - INFO - Pool: 666f6f2d6261722d71757578
2020-05-20 02:05:31,047 - DeepNLPF.base - INFO - Boost: ray
2020-05-20 02:05:31,545 - DeepNLPF.base - INFO - Pre-processing - Execute Sentence Split in texto raw.
2020-05-20 02:05:33,089 - DeepNLPF.base - INFO - Number of documents to process: 1
2020-05-20 02:05:33,230 - DeepNLPF.base - INFO - Plugin Tool: spacy
