  9.4240502E-02
  0.1890052    
  0.2275504    
  0.2295588    
  0.1809158    
  0.1266592    
  8.4626883E-02
  0.1355070    
  0.3596135    
  0.6144524    
  0.5724568    
  0.5211428    
  0.4899775    
  0.3858345    
  0.3259808    
  0.2506043    
  0.1850801    
  0.1723588    
  0.1465116    
  0.1192156    
  0.1225655    
   1.688915    
   1.909804    
   1.683265    
   1.245042    
   1.174393    
  0.9975373    
   1.050089    
  0.8867496    
  0.6737247    
  0.4956144    
  0.3714533    
  0.2919418    
  0.2423796    
  0.2108732    
  0.3612869    
  0.6085348    
  0.5933312    
  0.4809063    
  0.3658336    
  0.2790757    
  0.2212105    
  0.1842723    
  0.1604597    
  0.1442896    
  0.1449853    
  0.1998584    
  0.4140522    
   1.029007    
   1.044966    
  0.8257403    
  0.5916119    
  0.4427872    
  0.3300446    
  0.2517084    
  0.2004042    
  0.1676061    
  0.1463020    
  0.1317158    
  0.1209405    
  0.1123297    
  0.1049938    
  9.8465718E-02
  9.2502400E-02
  8.6975411E-02
  8.1813656E-02
  7.6974310E-02
  7.2428524E-02
  6.8154477E-02
  6.4134106E-02
  6.0351554E-02
  5.6792378E-02
  5.3443223E-02
  5.0291628E-02
  4.7325913E-02
  4.4535093E-02
  4.1908856E-02
  3.9437488E-02
  3.7111860E-02
  3.4923371E-02
  3.2863941E-02
  3.0925956E-02
  2.9102251E-02
  2.7386092E-02
  2.5771132E-02
  2.4251409E-02
  2.2821303E-02
  2.1475531E-02
  2.0209119E-02
  1.9017387E-02
  1.7895931E-02
  1.6840607E-02
  1.5847517E-02
  1.4912990E-02
  1.4033571E-02
  1.3206012E-02
  1.2427253E-02
  1.1694417E-02
  1.1004798E-02
  1.0355845E-02
  9.7451610E-03
  9.1704885E-03
  8.6297048E-03
  8.1208115E-03
  0.2468413    
  0.4439883    
  0.4142625    
  0.3096873    
  0.2099354    
  0.1383286    
  9.3207940E-02
  6.6616841E-02
  5.1345371E-02
  0.9582201    
   1.366995    
   1.199708    
  0.8749589    
  0.5896093    
  0.4052140    
  0.2965001    
  0.7930254    
  0.8306629    
  0.6743454    
  0.4928282    
   1.241126    
   1.280963    
   1.336541    
   1.258543    
   1.146120    
   2.841694    
   2.894372    
   2.279409    
   1.608961    
   1.100756    
   2.366485    
   2.653764    
   2.215037    
   1.635446    
   1.163722    
  0.8432916    
  0.6432210    
  0.5218931    
  0.4471529    
  0.3984607    
   1.815910    
   2.031707    
   1.687461    
   1.546230    
   1.241489    
   1.164972    
  0.9876412    
  0.7841192    
  0.6158918    
  0.4962169    
  0.4968495    
   4.161759    
   4.737929    
   3.875422    
   3.655557    
   2.908296    
   2.123370    
   1.513824    
   1.105169    
   1.034336    
   2.295524    
   4.356721    
   4.235243    
   3.363465    
   2.432078    
   1.723334    
   1.256328    
   1.145902    
   1.533694    
   5.595537    
   5.975358    
   4.806874    
   3.447844    
   2.396446    
   2.228047    
   5.770041    
   5.985213    
   4.812315    
   3.493045    
   2.478716    
   1.967757    
   1.579297    
   1.294405    
   1.120504    
  0.9865831    
  0.8961586    
  0.8551042    
  0.7944841    
  0.7302881    
   2.465286    
   2.684850    
   2.239642    
   1.692374    
   1.257638    
   2.661070    
   3.200713    
   2.773969    
   6.508589    
   6.833332    
   5.486804    
   3.934013    
   2.729674    
   3.908297    
   8.446349    
   8.953554    
   7.237346    
   6.595434    
   11.59686    
   13.11358    
   11.06875    
   8.158993    
   5.728417    
   4.058404    
   3.014122    
   2.890285    
   2.586554    
   2.233305    
   1.925536    
   1.689167    
   1.514093    
   1.382033    
   2.176466    
   4.134964    
   7.101555    
   6.794313    
   8.211267    
   7.609670    
   5.950706    
   4.381938    
   4.531906    
   3.941216    
   3.159876    
   2.473909    
   5.066357    
   5.253485    
   4.347406    
   3.305304    
   2.488410    
   2.470868    
   2.199135    
   1.855344    
   1.555003    
   1.329597    
   1.176123    
   1.157030    
   1.082676    
  0.9894290    
  0.9014633    
   3.089755    
   3.367907    
   2.807685    
   2.128504    
   2.151281    
   2.004039    
   3.822046    
   3.805479    
   3.057393    
   2.908222    
   2.468355    
   1.933383    
   2.219361    
   2.011156    
   1.636456    
   1.291609    
   1.036393    
  0.8636161    
   5.295023    
   6.554497    
   5.576565    
   4.093519    
   2.853740    
   9.202766    
   9.759164    
   7.831441    
   6.842940    
   11.71723    
   16.19932    
   14.46010    
   11.20716    
   8.044905    
   5.657239    
   4.080152    
   3.107279    
   2.520545    
   2.159927    
   1.958291    
   3.427958    
   5.874688    
   5.743811    
   11.19339    
   12.08921    
   10.27448    
   7.673178    
   5.482537    
   3.963582    
   3.003916    
   2.419194    
   2.059701    
   1.827352    
   1.664572    
   1.539755    
   1.436289    
   1.345668    
   1.263581    
   1.187821    
   1.117212    
   1.051078    
   1.008415    
  0.9529691    
  0.8937135    
  0.8365433    
  0.7836007    
   1.327577    
   1.374903    
   1.531146    
   1.373175    
   1.129714    
  0.9666784    
  0.8162924    
  0.6959710    
  0.6067598    
  0.5419438    
  0.4936818    
  0.7663757    
  0.8435922    
  0.7560389    
  0.6294640    
  0.7432215    
  0.8585283    
  0.8692697    
  0.9292770    
   1.159590    
   1.159275    
  0.9611537    
  0.7769276    
  0.6359028    
  0.5130643    
  0.5199347    
  0.4695108    
  0.4068497    
   1.179137    
   1.464077    
   2.349532    
   2.203264    
   1.698048    
   1.208391    
  0.8509485    
  0.6209207    
   1.542777    
   2.476413    
   2.442770    
   3.061929    
   3.519531    
   5.315775    
   6.870828    
   8.526966    
   7.501217    
   6.352732    
   4.761685    
   3.385514    
   2.412002    
   1.906785    
   1.886522    
   1.977473    
   1.764254    
   1.504362    
   1.255891    
   1.061578    
  0.9214350    
  0.8216702    
  0.7482751    
  0.6910813    
  0.8165862    
  0.8013859    
  0.8350966    
  0.7683921    
  0.6735153    
  0.5873820    
   1.097630    
   1.283450    
   1.170849    
  0.9685344    
  0.9452447    
  0.8217448    
  0.6908664    
  0.7734077    
   1.148271    
   1.109103    
  0.9072281    
  0.7016580    
  0.5457433    
   1.264495    
   5.883357    
   11.23389    
   10.68214    
   8.081385    
   5.531294    
   3.678427    
   2.574505    
   2.304036    
   1.947260    
   1.597447    
   1.317650    
   1.116471    
  0.9767339    
  0.8779356    
  0.8043268    
  0.7457510    
  0.6962506    
  0.6525184    
  0.6138864    
  0.5773256    
  0.5428319    
  0.5104398    
  0.4814475    
  0.4531822    
  0.4261518    
  0.4006576    
  0.3767507    
  0.3543535    
  0.3333523    
  0.3136373    
  0.2951124    
  0.2776946    
  0.2613116    
  0.2458986    
  0.2313963    
  0.2177500    
  0.2049090    
  0.1928253    
  0.1814544    
  0.1753149    
  0.1659318    
  0.1554339    
  0.1452214    
  0.1358109    
  0.1272449    
  0.1194130    
  0.1121908    
  0.1054805    
  9.9212646E-02
  9.3338676E-02
  8.7823257E-02
  8.2639016E-02
  7.7763326E-02
  7.3176488E-02
  6.8860754E-02
  6.4799815E-02
  6.0978461E-02
  5.7382520E-02
  5.3998653E-02
  0.1635182    
  0.1774809    
  0.1493973    
  0.1147272    
  8.7037340E-02
  6.8135336E-02
  5.6003965E-02
  4.8243687E-02
  4.3065883E-02
  5.3478561E-02
  6.9598168E-02
  6.6545367E-02
  6.4400308E-02
  5.6492060E-02
  4.7223337E-02
  3.9429042E-02
  3.3688899E-02
  2.9635264E-02
  2.6728360E-02
  2.4535585E-02
  2.2773353E-02
  2.1273889E-02
  1.9943511E-02
  1.8731385E-02
  0.3993993    
  0.5021828    
  0.4240038    
   1.329669    
   1.384244    
   1.298584    
  0.9977173    
  0.6968190    
  0.4720345    
  0.3260644    
  0.8010956    
  0.8341435    
  0.6772653    
  0.4981999    
   3.505266    
   3.886311    
   3.585274    
   3.700930    
   3.018808    
   2.484246    
   5.338349    
   5.343143    
   7.459332    
   6.729484    
   5.496161    
   4.034130    
   2.847345    
   2.033148    
   1.521580    
   1.211818    
   1.023143    
   1.620782    
   1.645756    
   2.542896    
   2.456075    
   1.999496    
   1.535183    
   1.184181    
   1.297588    
   3.072256    
   4.468401    
   4.389982    
   3.486907    
   2.538729    
   1.819920    
   1.346272    
   1.093881    
  0.9213758    
  0.8000443    
  0.7130516    
  0.6485358    
  0.6516429    
   1.712754    
   1.829493    
   1.536674    
   1.184216    
  0.9341506    
   3.760248    
   4.083835    
   3.320785    
   2.404915    
   1.688398    
   1.363632    
   3.084069    
   3.556911    
   3.018323    
   2.263999    
   1.639159    
   1.209968    
   1.077943    
  0.9324353    
   1.017659    
   2.983577    
   3.160213    
   2.580061    
   1.905194    
   1.379828    
   1.029577    
  0.8113990    
  0.6773809    
  0.5924666    
  0.5348731    
  0.4922243    
  0.4794529    
  0.5383638    
  0.5199159    
  0.4716634    
  0.5973336    
  0.5974562    
  0.6901082    
  0.6333096    
  0.5295401    
  0.6283723    
   2.189579    
   2.337148    
   1.887546    
   1.942422    
   1.623087    
   1.224616    
  0.8952538    
  0.9979582    
  0.9543144    
  0.8270258    
   1.189720    
   1.180057    
   1.048352    
  0.8628396    
  0.6764379    
  0.5311960    
  0.4306590    
  0.3642232    
  0.3200229    
  0.2891721    
  0.2660318    
  0.2818396    
  0.2709942    
  0.2489322    
  0.2260150    
  0.2061333    
  0.2822953    
   2.150838    
   2.399459    
   1.943946    
   1.383070    
  0.9431516    
  0.6525247    
   1.071457    
   1.328278    
   6.630491    
   7.183293    
   5.741232    
   4.026433    
   2.707402    
   1.835665    
   1.305980    
  0.9961756    
  0.8149774    
  0.7048106    
  0.6326251    
  0.5805567    
  0.6944882    
  0.7125427    
  0.6730198    
  0.7955121    
   1.119449    
   1.069948    
  0.8847245    
   4.479692    
   7.957912    
   7.474071    
   5.653456    
   3.899204    
   2.631276    
   2.011567    
   1.602709    
   1.548345    
   1.362624    
   1.191718    
   1.015057    
  0.8685879    
  0.9317019    
  0.8875759    
  0.7935647    
  0.9973629    
   3.055548    
   4.071161    
   3.592829    
   2.705887    
   1.925457    
   1.377771    
   1.033999    
   1.503362    
   2.215734    
   4.102262    
   5.361558    
   4.741940    
   3.832083    
   2.827433    
   2.031228    
   1.489249    
   1.338197    
   1.188999    
   1.020614    
  0.8734992    
  0.7604319    
  0.6772959    
  0.6154413    
  0.5673134    
  0.5810670    
   1.589772    
   1.702936    
   1.427790    
   1.095901    
  0.8324715    
  0.6530360    
  0.5378853    
  0.7226847    
  0.7122394    
  0.6187288    
  0.5174701    
  0.4363360    
  0.3777825    
  0.3363179    
  0.3161021    
  0.2941070    
  0.2795671    
  0.3948131    
  0.4000912    
  0.4339483    
  0.3916894    
  0.5318047    
  0.6933475    
  0.6450757    
  0.5178562    
   1.575972    
   1.663454    
   1.503943    
   1.179084    
  0.8568346    
  0.6139111    
  0.5339574    
  0.4551156    
  0.3926406    
  0.3325684    
  0.3003298    
  0.2659608    
  0.3752365    
  0.4331576    
  0.7699453    
  0.9030849    
  0.7787730    
   1.788899    
   3.205426    
   3.038005    
   2.741965    
   2.099587    
   1.489571    
   1.040172    
  0.7484592    
   1.668845    
   1.752948    
   1.696196    
   1.670779    
   1.376195    
   1.047665    
  0.7868626    
  0.6432763    
   1.171158    
   1.197127    
   1.027327    
  0.9228733    
  0.7960660    
  0.9699372    
  0.8924197    
  0.7281287    
  0.5734862    
  0.4583730    
  0.4289752    
  0.4086595    
  0.3662745    
  0.3216740    
  0.2924249    
  0.2645594    
  0.2841613    
  0.2706015    
  0.2440906    
  0.2175219    
  0.1954120    
  0.1779399    
  0.1639934    
  0.1524433    
  0.1424766    
  0.1335838    
  0.1479378    
  0.3671709    
  0.3887349    
  0.3814021    
  0.4236488    
  0.3684678    
  0.2880903    
  0.2188952    
  0.1697374    
  0.1541947    
  0.1361131    
  0.1188468    
  0.1046269    
  9.3685143E-02
  8.5313134E-02
  7.8697667E-02
  7.3218063E-02
  6.8472989E-02
  6.4223364E-02
  6.1321627E-02
  0.1543097    
  0.1652330    
  0.1583388    
  0.1304878    
  0.1019248    
  7.9891562E-02
  6.4825676E-02
  5.4948535E-02
  0.1008838    
  0.4840791    
  0.5260198    
  0.4231458    
  0.3010772    
  0.2255074    
  0.1660000    
  0.1237619    
  9.5931575E-02
  7.8289539E-02
  6.7083210E-02
  5.9663858E-02
  5.4387361E-02
  8.5442439E-02
  0.1192597    
